<?xml version="1.0" encoding="UTF-8"?>
<testsuite xmlns:xsi="http://www.w3.org/2001/XMLSchema-instance" xsi:noNamespaceSchemaLocation="https://maven.apache.org/surefire/maven-surefire-plugin/xsd/surefire-test-report-3.0.xsd" version="3.0" name="kk.DemoApplicationTests" time="5.607" tests="1" errors="0" skipped="0" failures="0">
  <properties>
    <property name="java.specification.version" value="17"/>
    <property name="sun.cpu.isalist" value="amd64"/>
    <property name="sun.jnu.encoding" value="GBK"/>
    <property name="java.class.path" value="D:\Desktop\code\java\code\javaweb\demo\target\test-classes;D:\Desktop\code\java\code\javaweb\demo\target\classes;D:\Program Files (x86)\maven\apache-maven-3.9.6-bin\apache-maven-3.9.6\repository\org\springframework\boot\spring-boot-starter-web\3.3.0\spring-boot-starter-web-3.3.0.jar;D:\Program Files (x86)\maven\apache-maven-3.9.6-bin\apache-maven-3.9.6\repository\org\springframework\boot\spring-boot-starter\3.3.0\spring-boot-starter-3.3.0.jar;D:\Program Files (x86)\maven\apache-maven-3.9.6-bin\apache-maven-3.9.6\repository\org\springframework\boot\spring-boot\3.3.0\spring-boot-3.3.0.jar;D:\Program Files (x86)\maven\apache-maven-3.9.6-bin\apache-maven-3.9.6\repository\org\springframework\boot\spring-boot-autoconfigure\3.3.0\spring-boot-autoconfigure-3.3.0.jar;D:\Program Files (x86)\maven\apache-maven-3.9.6-bin\apache-maven-3.9.6\repository\org\springframework\boot\spring-boot-starter-logging\3.3.0\spring-boot-starter-logging-3.3.0.jar;D:\Program Files (x86)\maven\apache-maven-3.9.6-bin\apache-maven-3.9.6\repository\ch\qos\logback\logback-classic\1.5.6\logback-classic-1.5.6.jar;D:\Program Files (x86)\maven\apache-maven-3.9.6-bin\apache-maven-3.9.6\repository\ch\qos\logback\logback-core\1.5.6\logback-core-1.5.6.jar;D:\Program Files (x86)\maven\apache-maven-3.9.6-bin\apache-maven-3.9.6\repository\org\apache\logging\log4j\log4j-to-slf4j\2.23.1\log4j-to-slf4j-2.23.1.jar;D:\Program Files (x86)\maven\apache-maven-3.9.6-bin\apache-maven-3.9.6\repository\org\apache\logging\log4j\log4j-api\2.23.1\log4j-api-2.23.1.jar;D:\Program Files (x86)\maven\apache-maven-3.9.6-bin\apache-maven-3.9.6\repository\org\slf4j\jul-to-slf4j\2.0.13\jul-to-slf4j-2.0.13.jar;D:\Program Files (x86)\maven\apache-maven-3.9.6-bin\apache-maven-3.9.6\repository\jakarta\annotation\jakarta.annotation-api\2.1.1\jakarta.annotation-api-2.1.1.jar;D:\Program Files (x86)\maven\apache-maven-3.9.6-bin\apache-maven-3.9.6\repository\org\yaml\snakeyaml\2.2\snakeyaml-2.2.jar;D:\Program Files (x86)\maven\apache-maven-3.9.6-bin\apache-maven-3.9.6\repository\org\springframework\boot\spring-boot-starter-json\3.3.0\spring-boot-starter-json-3.3.0.jar;D:\Program Files (x86)\maven\apache-maven-3.9.6-bin\apache-maven-3.9.6\repository\com\fasterxml\jackson\core\jackson-databind\2.17.1\jackson-databind-2.17.1.jar;D:\Program Files (x86)\maven\apache-maven-3.9.6-bin\apache-maven-3.9.6\repository\com\fasterxml\jackson\core\jackson-annotations\2.17.1\jackson-annotations-2.17.1.jar;D:\Program Files (x86)\maven\apache-maven-3.9.6-bin\apache-maven-3.9.6\repository\com\fasterxml\jackson\core\jackson-core\2.17.1\jackson-core-2.17.1.jar;D:\Program Files (x86)\maven\apache-maven-3.9.6-bin\apache-maven-3.9.6\repository\com\fasterxml\jackson\datatype\jackson-datatype-jdk8\2.17.1\jackson-datatype-jdk8-2.17.1.jar;D:\Program Files (x86)\maven\apache-maven-3.9.6-bin\apache-maven-3.9.6\repository\com\fasterxml\jackson\datatype\jackson-datatype-jsr310\2.17.1\jackson-datatype-jsr310-2.17.1.jar;D:\Program Files (x86)\maven\apache-maven-3.9.6-bin\apache-maven-3.9.6\repository\com\fasterxml\jackson\module\jackson-module-parameter-names\2.17.1\jackson-module-parameter-names-2.17.1.jar;D:\Program Files (x86)\maven\apache-maven-3.9.6-bin\apache-maven-3.9.6\repository\org\springframework\boot\spring-boot-starter-tomcat\3.3.0\spring-boot-starter-tomcat-3.3.0.jar;D:\Program Files (x86)\maven\apache-maven-3.9.6-bin\apache-maven-3.9.6\repository\org\apache\tomcat\embed\tomcat-embed-core\10.1.24\tomcat-embed-core-10.1.24.jar;D:\Program Files (x86)\maven\apache-maven-3.9.6-bin\apache-maven-3.9.6\repository\org\apache\tomcat\embed\tomcat-embed-el\10.1.24\tomcat-embed-el-10.1.24.jar;D:\Program Files (x86)\maven\apache-maven-3.9.6-bin\apache-maven-3.9.6\repository\org\apache\tomcat\embed\tomcat-embed-websocket\10.1.24\tomcat-embed-websocket-10.1.24.jar;D:\Program Files (x86)\maven\apache-maven-3.9.6-bin\apache-maven-3.9.6\repository\org\springframework\spring-web\6.1.8\spring-web-6.1.8.jar;D:\Program Files (x86)\maven\apache-maven-3.9.6-bin\apache-maven-3.9.6\repository\org\springframework\spring-beans\6.1.8\spring-beans-6.1.8.jar;D:\Program Files (x86)\maven\apache-maven-3.9.6-bin\apache-maven-3.9.6\repository\io\micrometer\micrometer-observation\1.13.0\micrometer-observation-1.13.0.jar;D:\Program Files (x86)\maven\apache-maven-3.9.6-bin\apache-maven-3.9.6\repository\io\micrometer\micrometer-commons\1.13.0\micrometer-commons-1.13.0.jar;D:\Program Files (x86)\maven\apache-maven-3.9.6-bin\apache-maven-3.9.6\repository\org\springframework\spring-webmvc\6.1.8\spring-webmvc-6.1.8.jar;D:\Program Files (x86)\maven\apache-maven-3.9.6-bin\apache-maven-3.9.6\repository\org\springframework\spring-context\6.1.8\spring-context-6.1.8.jar;D:\Program Files (x86)\maven\apache-maven-3.9.6-bin\apache-maven-3.9.6\repository\org\springframework\spring-expression\6.1.8\spring-expression-6.1.8.jar;D:\Program Files (x86)\maven\apache-maven-3.9.6-bin\apache-maven-3.9.6\repository\org\mybatis\spring\boot\mybatis-spring-boot-starter\3.0.3\mybatis-spring-boot-starter-3.0.3.jar;D:\Program Files (x86)\maven\apache-maven-3.9.6-bin\apache-maven-3.9.6\repository\org\springframework\boot\spring-boot-starter-jdbc\3.3.0\spring-boot-starter-jdbc-3.3.0.jar;D:\Program Files (x86)\maven\apache-maven-3.9.6-bin\apache-maven-3.9.6\repository\com\zaxxer\HikariCP\5.1.0\HikariCP-5.1.0.jar;D:\Program Files (x86)\maven\apache-maven-3.9.6-bin\apache-maven-3.9.6\repository\org\springframework\spring-jdbc\6.1.8\spring-jdbc-6.1.8.jar;D:\Program Files (x86)\maven\apache-maven-3.9.6-bin\apache-maven-3.9.6\repository\org\mybatis\spring\boot\mybatis-spring-boot-autoconfigure\3.0.3\mybatis-spring-boot-autoconfigure-3.0.3.jar;D:\Program Files (x86)\maven\apache-maven-3.9.6-bin\apache-maven-3.9.6\repository\org\mybatis\mybatis\3.5.14\mybatis-3.5.14.jar;D:\Program Files (x86)\maven\apache-maven-3.9.6-bin\apache-maven-3.9.6\repository\org\mybatis\mybatis-spring\3.0.3\mybatis-spring-3.0.3.jar;D:\Program Files (x86)\maven\apache-maven-3.9.6-bin\apache-maven-3.9.6\repository\com\mysql\mysql-connector-j\8.3.0\mysql-connector-j-8.3.0.jar;D:\Program Files (x86)\maven\apache-maven-3.9.6-bin\apache-maven-3.9.6\repository\org\springframework\boot\spring-boot-starter-test\3.3.0\spring-boot-starter-test-3.3.0.jar;D:\Program Files (x86)\maven\apache-maven-3.9.6-bin\apache-maven-3.9.6\repository\org\springframework\boot\spring-boot-test\3.3.0\spring-boot-test-3.3.0.jar;D:\Program Files (x86)\maven\apache-maven-3.9.6-bin\apache-maven-3.9.6\repository\org\springframework\boot\spring-boot-test-autoconfigure\3.3.0\spring-boot-test-autoconfigure-3.3.0.jar;D:\Program Files (x86)\maven\apache-maven-3.9.6-bin\apache-maven-3.9.6\repository\com\jayway\jsonpath\json-path\2.9.0\json-path-2.9.0.jar;D:\Program Files (x86)\maven\apache-maven-3.9.6-bin\apache-maven-3.9.6\repository\org\slf4j\slf4j-api\2.0.13\slf4j-api-2.0.13.jar;D:\Program Files (x86)\maven\apache-maven-3.9.6-bin\apache-maven-3.9.6\repository\jakarta\xml\bind\jakarta.xml.bind-api\4.0.2\jakarta.xml.bind-api-4.0.2.jar;D:\Program Files (x86)\maven\apache-maven-3.9.6-bin\apache-maven-3.9.6\repository\jakarta\activation\jakarta.activation-api\2.1.3\jakarta.activation-api-2.1.3.jar;D:\Program Files (x86)\maven\apache-maven-3.9.6-bin\apache-maven-3.9.6\repository\net\minidev\json-smart\2.5.1\json-smart-2.5.1.jar;D:\Program Files (x86)\maven\apache-maven-3.9.6-bin\apache-maven-3.9.6\repository\net\minidev\accessors-smart\2.5.1\accessors-smart-2.5.1.jar;D:\Program Files (x86)\maven\apache-maven-3.9.6-bin\apache-maven-3.9.6\repository\org\ow2\asm\asm\9.6\asm-9.6.jar;D:\Program Files (x86)\maven\apache-maven-3.9.6-bin\apache-maven-3.9.6\repository\org\assertj\assertj-core\3.25.3\assertj-core-3.25.3.jar;D:\Program Files (x86)\maven\apache-maven-3.9.6-bin\apache-maven-3.9.6\repository\net\bytebuddy\byte-buddy\1.14.16\byte-buddy-1.14.16.jar;D:\Program Files (x86)\maven\apache-maven-3.9.6-bin\apache-maven-3.9.6\repository\org\awaitility\awaitility\4.2.1\awaitility-4.2.1.jar;D:\Program Files (x86)\maven\apache-maven-3.9.6-bin\apache-maven-3.9.6\repository\org\hamcrest\hamcrest\2.2\hamcrest-2.2.jar;D:\Program Files (x86)\maven\apache-maven-3.9.6-bin\apache-maven-3.9.6\repository\org\junit\jupiter\junit-jupiter\5.10.2\junit-jupiter-5.10.2.jar;D:\Program Files (x86)\maven\apache-maven-3.9.6-bin\apache-maven-3.9.6\repository\org\junit\jupiter\junit-jupiter-api\5.10.2\junit-jupiter-api-5.10.2.jar;D:\Program Files (x86)\maven\apache-maven-3.9.6-bin\apache-maven-3.9.6\repository\org\opentest4j\opentest4j\1.3.0\opentest4j-1.3.0.jar;D:\Program Files (x86)\maven\apache-maven-3.9.6-bin\apache-maven-3.9.6\repository\org\junit\platform\junit-platform-commons\1.10.2\junit-platform-commons-1.10.2.jar;D:\Program Files (x86)\maven\apache-maven-3.9.6-bin\apache-maven-3.9.6\repository\org\apiguardian\apiguardian-api\1.1.2\apiguardian-api-1.1.2.jar;D:\Program Files (x86)\maven\apache-maven-3.9.6-bin\apache-maven-3.9.6\repository\org\junit\jupiter\junit-jupiter-params\5.10.2\junit-jupiter-params-5.10.2.jar;D:\Program Files (x86)\maven\apache-maven-3.9.6-bin\apache-maven-3.9.6\repository\org\junit\jupiter\junit-jupiter-engine\5.10.2\junit-jupiter-engine-5.10.2.jar;D:\Program Files (x86)\maven\apache-maven-3.9.6-bin\apache-maven-3.9.6\repository\org\junit\platform\junit-platform-engine\1.10.2\junit-platform-engine-1.10.2.jar;D:\Program Files (x86)\maven\apache-maven-3.9.6-bin\apache-maven-3.9.6\repository\org\mockito\mockito-core\5.11.0\mockito-core-5.11.0.jar;D:\Program Files (x86)\maven\apache-maven-3.9.6-bin\apache-maven-3.9.6\repository\net\bytebuddy\byte-buddy-agent\1.14.16\byte-buddy-agent-1.14.16.jar;D:\Program Files (x86)\maven\apache-maven-3.9.6-bin\apache-maven-3.9.6\repository\org\objenesis\objenesis\3.3\objenesis-3.3.jar;D:\Program Files (x86)\maven\apache-maven-3.9.6-bin\apache-maven-3.9.6\repository\org\mockito\mockito-junit-jupiter\5.11.0\mockito-junit-jupiter-5.11.0.jar;D:\Program Files (x86)\maven\apache-maven-3.9.6-bin\apache-maven-3.9.6\repository\org\skyscreamer\jsonassert\1.5.1\jsonassert-1.5.1.jar;D:\Program Files (x86)\maven\apache-maven-3.9.6-bin\apache-maven-3.9.6\repository\com\vaadin\external\google\android-json\0.0.20131108.vaadin1\android-json-0.0.20131108.vaadin1.jar;D:\Program Files (x86)\maven\apache-maven-3.9.6-bin\apache-maven-3.9.6\repository\org\springframework\spring-core\6.1.8\spring-core-6.1.8.jar;D:\Program Files (x86)\maven\apache-maven-3.9.6-bin\apache-maven-3.9.6\repository\org\springframework\spring-jcl\6.1.8\spring-jcl-6.1.8.jar;D:\Program Files (x86)\maven\apache-maven-3.9.6-bin\apache-maven-3.9.6\repository\org\springframework\spring-test\6.1.8\spring-test-6.1.8.jar;D:\Program Files (x86)\maven\apache-maven-3.9.6-bin\apache-maven-3.9.6\repository\org\xmlunit\xmlunit-core\2.9.1\xmlunit-core-2.9.1.jar;D:\Program Files (x86)\maven\apache-maven-3.9.6-bin\apache-maven-3.9.6\repository\org\mybatis\spring\boot\mybatis-spring-boot-starter-test\3.0.3\mybatis-spring-boot-starter-test-3.0.3.jar;D:\Program Files (x86)\maven\apache-maven-3.9.6-bin\apache-maven-3.9.6\repository\org\mybatis\spring\boot\mybatis-spring-boot-test-autoconfigure\3.0.3\mybatis-spring-boot-test-autoconfigure-3.0.3.jar;D:\Program Files (x86)\maven\apache-maven-3.9.6-bin\apache-maven-3.9.6\repository\org\springframework\spring-tx\6.1.8\spring-tx-6.1.8.jar;D:\Program Files (x86)\maven\apache-maven-3.9.6-bin\apache-maven-3.9.6\repository\com\github\pagehelper\pagehelper-spring-boot-starter\1.4.6\pagehelper-spring-boot-starter-1.4.6.jar;D:\Program Files (x86)\maven\apache-maven-3.9.6-bin\apache-maven-3.9.6\repository\com\github\pagehelper\pagehelper-spring-boot-autoconfigure\1.4.6\pagehelper-spring-boot-autoconfigure-1.4.6.jar;D:\Program Files (x86)\maven\apache-maven-3.9.6-bin\apache-maven-3.9.6\repository\com\github\pagehelper\pagehelper\5.3.2\pagehelper-5.3.2.jar;D:\Program Files (x86)\maven\apache-maven-3.9.6-bin\apache-maven-3.9.6\repository\com\github\jsqlparser\jsqlparser\4.5\jsqlparser-4.5.jar;D:\Program Files (x86)\maven\apache-maven-3.9.6-bin\apache-maven-3.9.6\repository\org\springframework\boot\spring-boot-starter-aop\3.3.0\spring-boot-starter-aop-3.3.0.jar;D:\Program Files (x86)\maven\apache-maven-3.9.6-bin\apache-maven-3.9.6\repository\org\springframework\spring-aop\6.1.8\spring-aop-6.1.8.jar;D:\Program Files (x86)\maven\apache-maven-3.9.6-bin\apache-maven-3.9.6\repository\org\aspectj\aspectjweaver\1.9.22\aspectjweaver-1.9.22.jar;D:\Program Files (x86)\maven\apache-maven-3.9.6-bin\apache-maven-3.9.6\repository\com\alibaba\fastjson\2.0.0\fastjson-2.0.0.jar;D:\Program Files (x86)\maven\apache-maven-3.9.6-bin\apache-maven-3.9.6\repository\com\alibaba\fastjson2\fastjson2-extension\2.0.0\fastjson2-extension-2.0.0.jar;D:\Program Files (x86)\maven\apache-maven-3.9.6-bin\apache-maven-3.9.6\repository\com\alibaba\fastjson2\fastjson2\2.0.0\fastjson2-2.0.0.jar;D:\Desktop\code\java\code\javaweb\demo-parent\demo-pojo\target\demo-pojo-1.0-SNAPSHOT.jar;D:\Desktop\code\java\code\javaweb\demo-parent\demo-utils\target\demo-utils-1.0-SNAPSHOT.jar;D:\Program Files (x86)\maven\apache-maven-3.9.6-bin\apache-maven-3.9.6\repository\io\jsonwebtoken\jjwt\0.9.1\jjwt-0.9.1.jar;D:\Program Files (x86)\maven\apache-maven-3.9.6-bin\apache-maven-3.9.6\repository\com\aliyun\oss\aliyun-sdk-oss\3.17.4\aliyun-sdk-oss-3.17.4.jar;D:\Program Files (x86)\maven\apache-maven-3.9.6-bin\apache-maven-3.9.6\repository\org\apache\httpcomponents\httpclient\4.5.13\httpclient-4.5.13.jar;D:\Program Files (x86)\maven\apache-maven-3.9.6-bin\apache-maven-3.9.6\repository\org\apache\httpcomponents\httpcore\4.4.16\httpcore-4.4.16.jar;D:\Program Files (x86)\maven\apache-maven-3.9.6-bin\apache-maven-3.9.6\repository\commons-logging\commons-logging\1.2\commons-logging-1.2.jar;D:\Program Files (x86)\maven\apache-maven-3.9.6-bin\apache-maven-3.9.6\repository\commons-codec\commons-codec\1.16.1\commons-codec-1.16.1.jar;D:\Program Files (x86)\maven\apache-maven-3.9.6-bin\apache-maven-3.9.6\repository\org\jdom\jdom2\2.0.6.1\jdom2-2.0.6.1.jar;D:\Program Files (x86)\maven\apache-maven-3.9.6-bin\apache-maven-3.9.6\repository\org\codehaus\jettison\jettison\1.5.4\jettison-1.5.4.jar;D:\Program Files (x86)\maven\apache-maven-3.9.6-bin\apache-maven-3.9.6\repository\com\aliyun\aliyun-java-sdk-core\4.5.10\aliyun-java-sdk-core-4.5.10.jar;D:\Program Files (x86)\maven\apache-maven-3.9.6-bin\apache-maven-3.9.6\repository\com\google\code\gson\gson\2.10.1\gson-2.10.1.jar;D:\Program Files (x86)\maven\apache-maven-3.9.6-bin\apache-maven-3.9.6\repository\org\jacoco\org.jacoco.agent\0.8.5\org.jacoco.agent-0.8.5-runtime.jar;D:\Program Files (x86)\maven\apache-maven-3.9.6-bin\apache-maven-3.9.6\repository\org\ini4j\ini4j\0.5.4\ini4j-0.5.4.jar;D:\Program Files (x86)\maven\apache-maven-3.9.6-bin\apache-maven-3.9.6\repository\io\opentracing\opentracing-api\0.33.0\opentracing-api-0.33.0.jar;D:\Program Files (x86)\maven\apache-maven-3.9.6-bin\apache-maven-3.9.6\repository\io\opentracing\opentracing-util\0.33.0\opentracing-util-0.33.0.jar;D:\Program Files (x86)\maven\apache-maven-3.9.6-bin\apache-maven-3.9.6\repository\io\opentracing\opentracing-noop\0.33.0\opentracing-noop-0.33.0.jar;D:\Program Files (x86)\maven\apache-maven-3.9.6-bin\apache-maven-3.9.6\repository\com\aliyun\aliyun-java-sdk-ram\3.1.0\aliyun-java-sdk-ram-3.1.0.jar;D:\Program Files (x86)\maven\apache-maven-3.9.6-bin\apache-maven-3.9.6\repository\com\aliyun\aliyun-java-sdk-kms\2.11.0\aliyun-java-sdk-kms-2.11.0.jar;D:\Program Files (x86)\maven\apache-maven-3.9.6-bin\apache-maven-3.9.6\repository\javax\xml\bind\jaxb-api\2.3.1\jaxb-api-2.3.1.jar;D:\Program Files (x86)\maven\apache-maven-3.9.6-bin\apache-maven-3.9.6\repository\javax\activation\javax.activation-api\1.2.0\javax.activation-api-1.2.0.jar;D:\Program Files (x86)\maven\apache-maven-3.9.6-bin\apache-maven-3.9.6\repository\javax\activation\activation\1.1.1\activation-1.1.1.jar;D:\Program Files (x86)\maven\apache-maven-3.9.6-bin\apache-maven-3.9.6\repository\org\glassfish\jaxb\jaxb-runtime\2.3.3\jaxb-runtime-2.3.3.jar;D:\Program Files (x86)\maven\apache-maven-3.9.6-bin\apache-maven-3.9.6\repository\org\glassfish\jaxb\txw2\4.0.5\txw2-4.0.5.jar;D:\Program Files (x86)\maven\apache-maven-3.9.6-bin\apache-maven-3.9.6\repository\com\sun\istack\istack-commons-runtime\4.1.2\istack-commons-runtime-4.1.2.jar;D:\Program Files (x86)\maven\apache-maven-3.9.6-bin\apache-maven-3.9.6\repository\com\sun\activation\jakarta.activation\1.2.2\jakarta.activation-1.2.2.jar;D:\Program Files (x86)\maven\apache-maven-3.9.6-bin\apache-maven-3.9.6\repository\org\projectlombok\lombok\1.18.32\lombok-1.18.32.jar;"/>
    <property name="java.vm.vendor" value="Oracle Corporation"/>
    <property name="sun.arch.data.model" value="64"/>
    <property name="user.variant" value=""/>
    <property name="java.vendor.url" value="https://java.oracle.com/"/>
    <property name="user.timezone" value="Asia/Shanghai"/>
    <property name="os.name" value="Windows 11"/>
    <property name="java.vm.specification.version" value="17"/>
    <property name="sun.java.launcher" value="SUN_STANDARD"/>
    <property name="user.country" value="CN"/>
    <property name="sun.boot.library.path" value="D:\Desktop\code\java\jdk\jdk\jdk17\bin"/>
    <property name="sun.java.command" value="C:\Users\康康\AppData\Local\Temp\surefire11594877743791972247\surefirebooter-20240716155451836_3.jar C:\Users\康康\AppData\Local\Temp\surefire11594877743791972247 2024-07-16T15-54-36_854-jvmRun1 surefire-20240716155451836_1tmp surefire_0-20240716155451836_2tmp"/>
    <property name="jdk.debug" value="release"/>
    <property name="surefire.test.class.path" value="D:\Desktop\code\java\code\javaweb\demo\target\test-classes;D:\Desktop\code\java\code\javaweb\demo\target\classes;D:\Program Files (x86)\maven\apache-maven-3.9.6-bin\apache-maven-3.9.6\repository\org\springframework\boot\spring-boot-starter-web\3.3.0\spring-boot-starter-web-3.3.0.jar;D:\Program Files (x86)\maven\apache-maven-3.9.6-bin\apache-maven-3.9.6\repository\org\springframework\boot\spring-boot-starter\3.3.0\spring-boot-starter-3.3.0.jar;D:\Program Files (x86)\maven\apache-maven-3.9.6-bin\apache-maven-3.9.6\repository\org\springframework\boot\spring-boot\3.3.0\spring-boot-3.3.0.jar;D:\Program Files (x86)\maven\apache-maven-3.9.6-bin\apache-maven-3.9.6\repository\org\springframework\boot\spring-boot-autoconfigure\3.3.0\spring-boot-autoconfigure-3.3.0.jar;D:\Program Files (x86)\maven\apache-maven-3.9.6-bin\apache-maven-3.9.6\repository\org\springframework\boot\spring-boot-starter-logging\3.3.0\spring-boot-starter-logging-3.3.0.jar;D:\Program Files (x86)\maven\apache-maven-3.9.6-bin\apache-maven-3.9.6\repository\ch\qos\logback\logback-classic\1.5.6\logback-classic-1.5.6.jar;D:\Program Files (x86)\maven\apache-maven-3.9.6-bin\apache-maven-3.9.6\repository\ch\qos\logback\logback-core\1.5.6\logback-core-1.5.6.jar;D:\Program Files (x86)\maven\apache-maven-3.9.6-bin\apache-maven-3.9.6\repository\org\apache\logging\log4j\log4j-to-slf4j\2.23.1\log4j-to-slf4j-2.23.1.jar;D:\Program Files (x86)\maven\apache-maven-3.9.6-bin\apache-maven-3.9.6\repository\org\apache\logging\log4j\log4j-api\2.23.1\log4j-api-2.23.1.jar;D:\Program Files (x86)\maven\apache-maven-3.9.6-bin\apache-maven-3.9.6\repository\org\slf4j\jul-to-slf4j\2.0.13\jul-to-slf4j-2.0.13.jar;D:\Program Files (x86)\maven\apache-maven-3.9.6-bin\apache-maven-3.9.6\repository\jakarta\annotation\jakarta.annotation-api\2.1.1\jakarta.annotation-api-2.1.1.jar;D:\Program Files (x86)\maven\apache-maven-3.9.6-bin\apache-maven-3.9.6\repository\org\yaml\snakeyaml\2.2\snakeyaml-2.2.jar;D:\Program Files (x86)\maven\apache-maven-3.9.6-bin\apache-maven-3.9.6\repository\org\springframework\boot\spring-boot-starter-json\3.3.0\spring-boot-starter-json-3.3.0.jar;D:\Program Files (x86)\maven\apache-maven-3.9.6-bin\apache-maven-3.9.6\repository\com\fasterxml\jackson\core\jackson-databind\2.17.1\jackson-databind-2.17.1.jar;D:\Program Files (x86)\maven\apache-maven-3.9.6-bin\apache-maven-3.9.6\repository\com\fasterxml\jackson\core\jackson-annotations\2.17.1\jackson-annotations-2.17.1.jar;D:\Program Files (x86)\maven\apache-maven-3.9.6-bin\apache-maven-3.9.6\repository\com\fasterxml\jackson\core\jackson-core\2.17.1\jackson-core-2.17.1.jar;D:\Program Files (x86)\maven\apache-maven-3.9.6-bin\apache-maven-3.9.6\repository\com\fasterxml\jackson\datatype\jackson-datatype-jdk8\2.17.1\jackson-datatype-jdk8-2.17.1.jar;D:\Program Files (x86)\maven\apache-maven-3.9.6-bin\apache-maven-3.9.6\repository\com\fasterxml\jackson\datatype\jackson-datatype-jsr310\2.17.1\jackson-datatype-jsr310-2.17.1.jar;D:\Program Files (x86)\maven\apache-maven-3.9.6-bin\apache-maven-3.9.6\repository\com\fasterxml\jackson\module\jackson-module-parameter-names\2.17.1\jackson-module-parameter-names-2.17.1.jar;D:\Program Files (x86)\maven\apache-maven-3.9.6-bin\apache-maven-3.9.6\repository\org\springframework\boot\spring-boot-starter-tomcat\3.3.0\spring-boot-starter-tomcat-3.3.0.jar;D:\Program Files (x86)\maven\apache-maven-3.9.6-bin\apache-maven-3.9.6\repository\org\apache\tomcat\embed\tomcat-embed-core\10.1.24\tomcat-embed-core-10.1.24.jar;D:\Program Files (x86)\maven\apache-maven-3.9.6-bin\apache-maven-3.9.6\repository\org\apache\tomcat\embed\tomcat-embed-el\10.1.24\tomcat-embed-el-10.1.24.jar;D:\Program Files (x86)\maven\apache-maven-3.9.6-bin\apache-maven-3.9.6\repository\org\apache\tomcat\embed\tomcat-embed-websocket\10.1.24\tomcat-embed-websocket-10.1.24.jar;D:\Program Files (x86)\maven\apache-maven-3.9.6-bin\apache-maven-3.9.6\repository\org\springframework\spring-web\6.1.8\spring-web-6.1.8.jar;D:\Program Files (x86)\maven\apache-maven-3.9.6-bin\apache-maven-3.9.6\repository\org\springframework\spring-beans\6.1.8\spring-beans-6.1.8.jar;D:\Program Files (x86)\maven\apache-maven-3.9.6-bin\apache-maven-3.9.6\repository\io\micrometer\micrometer-observation\1.13.0\micrometer-observation-1.13.0.jar;D:\Program Files (x86)\maven\apache-maven-3.9.6-bin\apache-maven-3.9.6\repository\io\micrometer\micrometer-commons\1.13.0\micrometer-commons-1.13.0.jar;D:\Program Files (x86)\maven\apache-maven-3.9.6-bin\apache-maven-3.9.6\repository\org\springframework\spring-webmvc\6.1.8\spring-webmvc-6.1.8.jar;D:\Program Files (x86)\maven\apache-maven-3.9.6-bin\apache-maven-3.9.6\repository\org\springframework\spring-context\6.1.8\spring-context-6.1.8.jar;D:\Program Files (x86)\maven\apache-maven-3.9.6-bin\apache-maven-3.9.6\repository\org\springframework\spring-expression\6.1.8\spring-expression-6.1.8.jar;D:\Program Files (x86)\maven\apache-maven-3.9.6-bin\apache-maven-3.9.6\repository\org\mybatis\spring\boot\mybatis-spring-boot-starter\3.0.3\mybatis-spring-boot-starter-3.0.3.jar;D:\Program Files (x86)\maven\apache-maven-3.9.6-bin\apache-maven-3.9.6\repository\org\springframework\boot\spring-boot-starter-jdbc\3.3.0\spring-boot-starter-jdbc-3.3.0.jar;D:\Program Files (x86)\maven\apache-maven-3.9.6-bin\apache-maven-3.9.6\repository\com\zaxxer\HikariCP\5.1.0\HikariCP-5.1.0.jar;D:\Program Files (x86)\maven\apache-maven-3.9.6-bin\apache-maven-3.9.6\repository\org\springframework\spring-jdbc\6.1.8\spring-jdbc-6.1.8.jar;D:\Program Files (x86)\maven\apache-maven-3.9.6-bin\apache-maven-3.9.6\repository\org\mybatis\spring\boot\mybatis-spring-boot-autoconfigure\3.0.3\mybatis-spring-boot-autoconfigure-3.0.3.jar;D:\Program Files (x86)\maven\apache-maven-3.9.6-bin\apache-maven-3.9.6\repository\org\mybatis\mybatis\3.5.14\mybatis-3.5.14.jar;D:\Program Files (x86)\maven\apache-maven-3.9.6-bin\apache-maven-3.9.6\repository\org\mybatis\mybatis-spring\3.0.3\mybatis-spring-3.0.3.jar;D:\Program Files (x86)\maven\apache-maven-3.9.6-bin\apache-maven-3.9.6\repository\com\mysql\mysql-connector-j\8.3.0\mysql-connector-j-8.3.0.jar;D:\Program Files (x86)\maven\apache-maven-3.9.6-bin\apache-maven-3.9.6\repository\org\springframework\boot\spring-boot-starter-test\3.3.0\spring-boot-starter-test-3.3.0.jar;D:\Program Files (x86)\maven\apache-maven-3.9.6-bin\apache-maven-3.9.6\repository\org\springframework\boot\spring-boot-test\3.3.0\spring-boot-test-3.3.0.jar;D:\Program Files (x86)\maven\apache-maven-3.9.6-bin\apache-maven-3.9.6\repository\org\springframework\boot\spring-boot-test-autoconfigure\3.3.0\spring-boot-test-autoconfigure-3.3.0.jar;D:\Program Files (x86)\maven\apache-maven-3.9.6-bin\apache-maven-3.9.6\repository\com\jayway\jsonpath\json-path\2.9.0\json-path-2.9.0.jar;D:\Program Files (x86)\maven\apache-maven-3.9.6-bin\apache-maven-3.9.6\repository\org\slf4j\slf4j-api\2.0.13\slf4j-api-2.0.13.jar;D:\Program Files (x86)\maven\apache-maven-3.9.6-bin\apache-maven-3.9.6\repository\jakarta\xml\bind\jakarta.xml.bind-api\4.0.2\jakarta.xml.bind-api-4.0.2.jar;D:\Program Files (x86)\maven\apache-maven-3.9.6-bin\apache-maven-3.9.6\repository\jakarta\activation\jakarta.activation-api\2.1.3\jakarta.activation-api-2.1.3.jar;D:\Program Files (x86)\maven\apache-maven-3.9.6-bin\apache-maven-3.9.6\repository\net\minidev\json-smart\2.5.1\json-smart-2.5.1.jar;D:\Program Files (x86)\maven\apache-maven-3.9.6-bin\apache-maven-3.9.6\repository\net\minidev\accessors-smart\2.5.1\accessors-smart-2.5.1.jar;D:\Program Files (x86)\maven\apache-maven-3.9.6-bin\apache-maven-3.9.6\repository\org\ow2\asm\asm\9.6\asm-9.6.jar;D:\Program Files (x86)\maven\apache-maven-3.9.6-bin\apache-maven-3.9.6\repository\org\assertj\assertj-core\3.25.3\assertj-core-3.25.3.jar;D:\Program Files (x86)\maven\apache-maven-3.9.6-bin\apache-maven-3.9.6\repository\net\bytebuddy\byte-buddy\1.14.16\byte-buddy-1.14.16.jar;D:\Program Files (x86)\maven\apache-maven-3.9.6-bin\apache-maven-3.9.6\repository\org\awaitility\awaitility\4.2.1\awaitility-4.2.1.jar;D:\Program Files (x86)\maven\apache-maven-3.9.6-bin\apache-maven-3.9.6\repository\org\hamcrest\hamcrest\2.2\hamcrest-2.2.jar;D:\Program Files (x86)\maven\apache-maven-3.9.6-bin\apache-maven-3.9.6\repository\org\junit\jupiter\junit-jupiter\5.10.2\junit-jupiter-5.10.2.jar;D:\Program Files (x86)\maven\apache-maven-3.9.6-bin\apache-maven-3.9.6\repository\org\junit\jupiter\junit-jupiter-api\5.10.2\junit-jupiter-api-5.10.2.jar;D:\Program Files (x86)\maven\apache-maven-3.9.6-bin\apache-maven-3.9.6\repository\org\opentest4j\opentest4j\1.3.0\opentest4j-1.3.0.jar;D:\Program Files (x86)\maven\apache-maven-3.9.6-bin\apache-maven-3.9.6\repository\org\junit\platform\junit-platform-commons\1.10.2\junit-platform-commons-1.10.2.jar;D:\Program Files (x86)\maven\apache-maven-3.9.6-bin\apache-maven-3.9.6\repository\org\apiguardian\apiguardian-api\1.1.2\apiguardian-api-1.1.2.jar;D:\Program Files (x86)\maven\apache-maven-3.9.6-bin\apache-maven-3.9.6\repository\org\junit\jupiter\junit-jupiter-params\5.10.2\junit-jupiter-params-5.10.2.jar;D:\Program Files (x86)\maven\apache-maven-3.9.6-bin\apache-maven-3.9.6\repository\org\junit\jupiter\junit-jupiter-engine\5.10.2\junit-jupiter-engine-5.10.2.jar;D:\Program Files (x86)\maven\apache-maven-3.9.6-bin\apache-maven-3.9.6\repository\org\junit\platform\junit-platform-engine\1.10.2\junit-platform-engine-1.10.2.jar;D:\Program Files (x86)\maven\apache-maven-3.9.6-bin\apache-maven-3.9.6\repository\org\mockito\mockito-core\5.11.0\mockito-core-5.11.0.jar;D:\Program Files (x86)\maven\apache-maven-3.9.6-bin\apache-maven-3.9.6\repository\net\bytebuddy\byte-buddy-agent\1.14.16\byte-buddy-agent-1.14.16.jar;D:\Program Files (x86)\maven\apache-maven-3.9.6-bin\apache-maven-3.9.6\repository\org\objenesis\objenesis\3.3\objenesis-3.3.jar;D:\Program Files (x86)\maven\apache-maven-3.9.6-bin\apache-maven-3.9.6\repository\org\mockito\mockito-junit-jupiter\5.11.0\mockito-junit-jupiter-5.11.0.jar;D:\Program Files (x86)\maven\apache-maven-3.9.6-bin\apache-maven-3.9.6\repository\org\skyscreamer\jsonassert\1.5.1\jsonassert-1.5.1.jar;D:\Program Files (x86)\maven\apache-maven-3.9.6-bin\apache-maven-3.9.6\repository\com\vaadin\external\google\android-json\0.0.20131108.vaadin1\android-json-0.0.20131108.vaadin1.jar;D:\Program Files (x86)\maven\apache-maven-3.9.6-bin\apache-maven-3.9.6\repository\org\springframework\spring-core\6.1.8\spring-core-6.1.8.jar;D:\Program Files (x86)\maven\apache-maven-3.9.6-bin\apache-maven-3.9.6\repository\org\springframework\spring-jcl\6.1.8\spring-jcl-6.1.8.jar;D:\Program Files (x86)\maven\apache-maven-3.9.6-bin\apache-maven-3.9.6\repository\org\springframework\spring-test\6.1.8\spring-test-6.1.8.jar;D:\Program Files (x86)\maven\apache-maven-3.9.6-bin\apache-maven-3.9.6\repository\org\xmlunit\xmlunit-core\2.9.1\xmlunit-core-2.9.1.jar;D:\Program Files (x86)\maven\apache-maven-3.9.6-bin\apache-maven-3.9.6\repository\org\mybatis\spring\boot\mybatis-spring-boot-starter-test\3.0.3\mybatis-spring-boot-starter-test-3.0.3.jar;D:\Program Files (x86)\maven\apache-maven-3.9.6-bin\apache-maven-3.9.6\repository\org\mybatis\spring\boot\mybatis-spring-boot-test-autoconfigure\3.0.3\mybatis-spring-boot-test-autoconfigure-3.0.3.jar;D:\Program Files (x86)\maven\apache-maven-3.9.6-bin\apache-maven-3.9.6\repository\org\springframework\spring-tx\6.1.8\spring-tx-6.1.8.jar;D:\Program Files (x86)\maven\apache-maven-3.9.6-bin\apache-maven-3.9.6\repository\com\github\pagehelper\pagehelper-spring-boot-starter\1.4.6\pagehelper-spring-boot-starter-1.4.6.jar;D:\Program Files (x86)\maven\apache-maven-3.9.6-bin\apache-maven-3.9.6\repository\com\github\pagehelper\pagehelper-spring-boot-autoconfigure\1.4.6\pagehelper-spring-boot-autoconfigure-1.4.6.jar;D:\Program Files (x86)\maven\apache-maven-3.9.6-bin\apache-maven-3.9.6\repository\com\github\pagehelper\pagehelper\5.3.2\pagehelper-5.3.2.jar;D:\Program Files (x86)\maven\apache-maven-3.9.6-bin\apache-maven-3.9.6\repository\com\github\jsqlparser\jsqlparser\4.5\jsqlparser-4.5.jar;D:\Program Files (x86)\maven\apache-maven-3.9.6-bin\apache-maven-3.9.6\repository\org\springframework\boot\spring-boot-starter-aop\3.3.0\spring-boot-starter-aop-3.3.0.jar;D:\Program Files (x86)\maven\apache-maven-3.9.6-bin\apache-maven-3.9.6\repository\org\springframework\spring-aop\6.1.8\spring-aop-6.1.8.jar;D:\Program Files (x86)\maven\apache-maven-3.9.6-bin\apache-maven-3.9.6\repository\org\aspectj\aspectjweaver\1.9.22\aspectjweaver-1.9.22.jar;D:\Program Files (x86)\maven\apache-maven-3.9.6-bin\apache-maven-3.9.6\repository\com\alibaba\fastjson\2.0.0\fastjson-2.0.0.jar;D:\Program Files (x86)\maven\apache-maven-3.9.6-bin\apache-maven-3.9.6\repository\com\alibaba\fastjson2\fastjson2-extension\2.0.0\fastjson2-extension-2.0.0.jar;D:\Program Files (x86)\maven\apache-maven-3.9.6-bin\apache-maven-3.9.6\repository\com\alibaba\fastjson2\fastjson2\2.0.0\fastjson2-2.0.0.jar;D:\Desktop\code\java\code\javaweb\demo-parent\demo-pojo\target\demo-pojo-1.0-SNAPSHOT.jar;D:\Desktop\code\java\code\javaweb\demo-parent\demo-utils\target\demo-utils-1.0-SNAPSHOT.jar;D:\Program Files (x86)\maven\apache-maven-3.9.6-bin\apache-maven-3.9.6\repository\io\jsonwebtoken\jjwt\0.9.1\jjwt-0.9.1.jar;D:\Program Files (x86)\maven\apache-maven-3.9.6-bin\apache-maven-3.9.6\repository\com\aliyun\oss\aliyun-sdk-oss\3.17.4\aliyun-sdk-oss-3.17.4.jar;D:\Program Files (x86)\maven\apache-maven-3.9.6-bin\apache-maven-3.9.6\repository\org\apache\httpcomponents\httpclient\4.5.13\httpclient-4.5.13.jar;D:\Program Files (x86)\maven\apache-maven-3.9.6-bin\apache-maven-3.9.6\repository\org\apache\httpcomponents\httpcore\4.4.16\httpcore-4.4.16.jar;D:\Program Files (x86)\maven\apache-maven-3.9.6-bin\apache-maven-3.9.6\repository\commons-logging\commons-logging\1.2\commons-logging-1.2.jar;D:\Program Files (x86)\maven\apache-maven-3.9.6-bin\apache-maven-3.9.6\repository\commons-codec\commons-codec\1.16.1\commons-codec-1.16.1.jar;D:\Program Files (x86)\maven\apache-maven-3.9.6-bin\apache-maven-3.9.6\repository\org\jdom\jdom2\2.0.6.1\jdom2-2.0.6.1.jar;D:\Program Files (x86)\maven\apache-maven-3.9.6-bin\apache-maven-3.9.6\repository\org\codehaus\jettison\jettison\1.5.4\jettison-1.5.4.jar;D:\Program Files (x86)\maven\apache-maven-3.9.6-bin\apache-maven-3.9.6\repository\com\aliyun\aliyun-java-sdk-core\4.5.10\aliyun-java-sdk-core-4.5.10.jar;D:\Program Files (x86)\maven\apache-maven-3.9.6-bin\apache-maven-3.9.6\repository\com\google\code\gson\gson\2.10.1\gson-2.10.1.jar;D:\Program Files (x86)\maven\apache-maven-3.9.6-bin\apache-maven-3.9.6\repository\org\jacoco\org.jacoco.agent\0.8.5\org.jacoco.agent-0.8.5-runtime.jar;D:\Program Files (x86)\maven\apache-maven-3.9.6-bin\apache-maven-3.9.6\repository\org\ini4j\ini4j\0.5.4\ini4j-0.5.4.jar;D:\Program Files (x86)\maven\apache-maven-3.9.6-bin\apache-maven-3.9.6\repository\io\opentracing\opentracing-api\0.33.0\opentracing-api-0.33.0.jar;D:\Program Files (x86)\maven\apache-maven-3.9.6-bin\apache-maven-3.9.6\repository\io\opentracing\opentracing-util\0.33.0\opentracing-util-0.33.0.jar;D:\Program Files (x86)\maven\apache-maven-3.9.6-bin\apache-maven-3.9.6\repository\io\opentracing\opentracing-noop\0.33.0\opentracing-noop-0.33.0.jar;D:\Program Files (x86)\maven\apache-maven-3.9.6-bin\apache-maven-3.9.6\repository\com\aliyun\aliyun-java-sdk-ram\3.1.0\aliyun-java-sdk-ram-3.1.0.jar;D:\Program Files (x86)\maven\apache-maven-3.9.6-bin\apache-maven-3.9.6\repository\com\aliyun\aliyun-java-sdk-kms\2.11.0\aliyun-java-sdk-kms-2.11.0.jar;D:\Program Files (x86)\maven\apache-maven-3.9.6-bin\apache-maven-3.9.6\repository\javax\xml\bind\jaxb-api\2.3.1\jaxb-api-2.3.1.jar;D:\Program Files (x86)\maven\apache-maven-3.9.6-bin\apache-maven-3.9.6\repository\javax\activation\javax.activation-api\1.2.0\javax.activation-api-1.2.0.jar;D:\Program Files (x86)\maven\apache-maven-3.9.6-bin\apache-maven-3.9.6\repository\javax\activation\activation\1.1.1\activation-1.1.1.jar;D:\Program Files (x86)\maven\apache-maven-3.9.6-bin\apache-maven-3.9.6\repository\org\glassfish\jaxb\jaxb-runtime\2.3.3\jaxb-runtime-2.3.3.jar;D:\Program Files (x86)\maven\apache-maven-3.9.6-bin\apache-maven-3.9.6\repository\org\glassfish\jaxb\txw2\4.0.5\txw2-4.0.5.jar;D:\Program Files (x86)\maven\apache-maven-3.9.6-bin\apache-maven-3.9.6\repository\com\sun\istack\istack-commons-runtime\4.1.2\istack-commons-runtime-4.1.2.jar;D:\Program Files (x86)\maven\apache-maven-3.9.6-bin\apache-maven-3.9.6\repository\com\sun\activation\jakarta.activation\1.2.2\jakarta.activation-1.2.2.jar;D:\Program Files (x86)\maven\apache-maven-3.9.6-bin\apache-maven-3.9.6\repository\org\projectlombok\lombok\1.18.32\lombok-1.18.32.jar;"/>
    <property name="sun.cpu.endian" value="little"/>
    <property name="user.home" value="C:\Users\康康"/>
    <property name="user.language" value="zh"/>
    <property name="java.specification.vendor" value="Oracle Corporation"/>
    <property name="java.version.date" value="2023-10-17"/>
    <property name="java.home" value="D:\Desktop\code\java\jdk\jdk\jdk17"/>
    <property name="file.separator" value="\"/>
    <property name="basedir" value="D:\Desktop\code\java\code\javaweb\demo"/>
    <property name="java.vm.compressedOopsMode" value="Zero based"/>
    <property name="line.separator" value="&#10;"/>
    <property name="java.vm.specification.vendor" value="Oracle Corporation"/>
    <property name="java.specification.name" value="Java Platform API Specification"/>
    <property name="FILE_LOG_CHARSET" value="GBK"/>
    <property name="java.awt.headless" value="true"/>
    <property name="surefire.real.class.path" value="C:\Users\康康\AppData\Local\Temp\surefire11594877743791972247\surefirebooter-20240716155451836_3.jar"/>
    <property name="user.script" value=""/>
    <property name="sun.management.compiler" value="HotSpot 64-Bit Tiered Compilers"/>
    <property name="java.runtime.version" value="17.0.9+11-LTS-201"/>
    <property name="user.name" value="康康"/>
    <property name="path.separator" value=";"/>
    <property name="os.version" value="10.0"/>
    <property name="java.runtime.name" value="Java(TM) SE Runtime Environment"/>
    <property name="file.encoding" value="GBK"/>
    <property name="java.vm.name" value="Java HotSpot(TM) 64-Bit Server VM"/>
    <property name="localRepository" value="D:\Program Files (x86)\maven\apache-maven-3.9.6-bin\apache-maven-3.9.6\repository"/>
    <property name="java.vendor.url.bug" value="https://bugreport.java.com/bugreport/"/>
    <property name="java.io.tmpdir" value="C:\Users\康康\AppData\Local\Temp\"/>
    <property name="idea.version" value="2023.2.5"/>
    <property name="java.version" value="17.0.9"/>
    <property name="user.dir" value="D:\Desktop\code\java\code\javaweb\demo"/>
    <property name="os.arch" value="amd64"/>
    <property name="java.vm.specification.name" value="Java Virtual Machine Specification"/>
    <property name="PID" value="15264"/>
    <property name="sun.os.patch.level" value=""/>
    <property name="CONSOLE_LOG_CHARSET" value="GBK"/>
    <property name="native.encoding" value="GBK"/>
    <property name="java.library.path" value="D:\Desktop\code\java\jdk\jdk\jdk17\bin;C:\WINDOWS\Sun\Java\bin;C:\WINDOWS\system32;C:\WINDOWS;C:\WINDOWS\system32;C:\WINDOWS;C:\WINDOWS\System32\Wbem;C:\WINDOWS\System32\WindowsPowerShell\v1.0\;C:\WINDOWS\System32\OpenSSH\;D:\Program Files (x86)\maven\apache-maven-3.9.6-bin\apache-maven-3.9.6\bin;D:\Users\anaconda;C:\Program Files (x86)\NVIDIA Corporation\PhysX\Common;C:\Program Files\NVIDIA Corporation\NVIDIA NvDLISR;D:\Program Files\MySQL\MySQL Server 8.0\bin;C:\Program Files\Microsoft SQL Server\150\Tools\Binn\;C:\Program Files\Microsoft SQL Server\Client SDK\ODBC\170\Tools\Binn\;C:\Program Files\dotnet\;D:\Windows Kits\10\Windows Performance Toolkit\;C:\Program Files (x86)\mingw64\bin;D:\Program Files\Git\cmd;D:\Program Files\nodejs\;D:\Desktop\code\java\apache-tomcat-10.1.20-windows-x64\apache-tomcat-10.1.20\bin;D:\Desktop\code\java\jdk\jdk\jdk17\bin;D:\Program Files (x86)\NetSarang\Xftp 7\;D:\Program Files (x86)\NetSarang\Xshell 7\;D:\Program Files (x86)\maven\apache-maven-3.9.6-bin\apache-maven-3.9.6\bin;D:\Users\anaconda\Scripts;D:\Users\anaconda\Library\bin;D:\Desktop\code\java\jdk\jdk\jdk17\bin;D:\Program Files\MySQL\MySQL Shell 8.0\bin\;D:\Users\anaconda;D:\Users\anaconda\Library\mingw-w64\bin;D:\Users\anaconda\Library\usr\bin;D:\Users\anaconda\Library\bin;D:\Users\anaconda\Scripts;C:\Users\康康\AppData\Local\Microsoft\WindowsApps;C:\Users\康康\.dotnet\tools;D:\Program Files (x86)\Microsoft VS Code\bin;D:\Desktop\code\java\jdk\jdk\jdk17\bin;C:\Users\康康\AppData\Roaming\npm;;."/>
    <property name="java.vm.info" value="mixed mode, sharing"/>
    <property name="java.vendor" value="Oracle Corporation"/>
    <property name="java.vm.version" value="17.0.9+11-LTS-201"/>
    <property name="sun.io.unicode.encoding" value="UnicodeLittle"/>
    <property name="maven.repo.local" value="D:\Program Files (x86)\maven\apache-maven-3.9.6-bin\apache-maven-3.9.6\repository"/>
    <property name="java.class.version" value="61.0"/>
  </properties>
  <testcase name="testGenJwt" classname="kk.DemoApplicationTests" time="1.557">
    <system-out><![CDATA[15:54:52.805 [main] INFO org.springframework.test.context.support.AnnotationConfigContextLoaderUtils -- Could not detect default configuration classes for test class [kk.DemoApplicationTests]: DemoApplicationTests does not declare any static, non-private, non-final, nested classes annotated with @Configuration.
15:54:52.941 [main] INFO org.springframework.boot.test.context.SpringBootTestContextBootstrapper -- Found @SpringBootConfiguration kk.DemoApplication for test class kk.DemoApplicationTests
  .   ____          _            __ _ _
 /\\ / ___'_ __ _ _(_)_ __  __ _ \ \ \ \
( ( )\___ | '_ | '_| | '_ \/ _` | \ \ \ \
 \\/  ___)| |_)| | | | | || (_| |  ) ) ) )
  '  |____| .__|_| |_|_| |_\__, | / / / /
 =========|_|==============|___/=/_/_/_/

 :: Spring Boot ::                (v3.3.0)

2024-07-16T15:54:53.585+08:00  INFO 15264 --- [           main] kk.DemoApplicationTests                  : Starting DemoApplicationTests using Java 17.0.9 with PID 15264 (started by 康康 in D:\Desktop\code\java\code\javaweb\demo)
2024-07-16T15:54:53.588+08:00  INFO 15264 --- [           main] kk.DemoApplicationTests                  : No active profile set, falling back to 1 default profile: "default"
Logging initialized using 'class org.apache.ibatis.logging.stdout.StdOutImpl' adapter.


,------.                           ,--.  ,--.         ,--.                         
|  .--. '  ,--,--.  ,---.   ,---.  |  '--'  |  ,---.  |  |  ,---.   ,---.  ,--.--. 
|  '--' | ' ,-.  | | .-. | | .-. : |  .--.  | | .-. : |  | | .-. | | .-. : |  .--' 
|  | --'  \ '-'  | ' '-' ' \   --. |  |  |  | \   --. |  | | '-' ' \   --. |  |    
`--'       `--`--' .`-  /   `----' `--'  `--'  `----' `--' |  |-'   `----' `--'    
                   `---'                                   `--'                        is intercepting.

2024-07-16T15:54:56.612+08:00  INFO 15264 --- [           main] kk.DemoApplicationTests                  : Started DemoApplicationTests in 3.441 seconds (process running for 4.648)
eyJhbGciOiJIUzI1NiJ9.eyJuYW1lIjoia2siLCJpZCI6MSwiZXhwIjoxNzIxMTIwMDk4fQ.lHZNrUzhqETPvjUvryUZpj1u1x8ARXicHm5RWi7kMzI
]]></system-out>
  </testcase>
</testsuite>